# JRE version: Java(TM) SE Runtime Environment (8.0_05-b13) (build 1.8.0_05-b13)
# Java VM: Java HotSpot(TM) 64-Bit Server VM (25.5-b02 mixed mode linux-amd64 compressed oops)
Heap:
 PSYoungGen      total 6144K, used 2460K [0x00000000d6980000, 0x00000000d7180000, 0x0000000100000000)
  eden space 4096K, 33% used [0x00000000d6980000,0x00000000d6adaf90,0x00000000d6d80000)
  from space 2048K, 52% used [0x00000000d6f80000,0x00000000d708c240,0x00000000d7180000)
  to   space 2048K, 0% used [0x00000000d6d80000,0x00000000d6d80000,0x00000000d6f80000)
 ParOldGen       total 127488K, used 1943K [0x0000000083c00000, 0x000000008b880000, 0x00000000d6980000)
  object space 127488K, 1% used [0x0000000083c00000,0x0000000083de5cd0,0x000000008b880000)
 Metaspace       used 9879K, capacity 10064K, committed 10112K, reserved 1058816K
  class space    used 1096K, capacity 1144K, committed 1152K, reserved 1048576K
GC Heap History (10 events):
Event: 0.256 GC heap before
{Heap before GC invocations=2 (full 0):
 PSYoungGen      total 1024K, used 928K [0x00000000d6980000, 0x00000000d6b80000, 0x0000000100000000)
  eden space 512K, 100% used [0x00000000d6980000,0x00000000d6a00000,0x00000000d6a00000)
  from space 512K, 81% used [0x00000000d6a00000,0x00000000d6a68020,0x00000000d6a80000)
  to   space 512K, 0% used [0x00000000d6b00000,0x00000000d6b00000,0x00000000d6b80000)
 ParOldGen       total 127488K, used 0K [0x0000000083c00000, 0x000000008b880000, 0x00000000d6980000)
  object space 127488K, 0% used [0x0000000083c00000,0x0000000083c00000,0x000000008b880000)
 Metaspace       used 3838K, capacity 4572K, committed 4864K, reserved 1056768K
  class space    used 432K, capacity 460K, committed 512K, reserved 1048576K
Event: 0.258 GC heap after
Heap after GC invocations=2 (full 0):
 PSYoungGen      total 1536K, used 480K [0x00000000d6980000, 0x00000000d6b80000, 0x0000000100000000)
  eden space 1024K, 0% used [0x00000000d6980000,0x00000000d6980000,0x00000000d6a80000)
  from space 512K, 93% used [0x00000000d6b00000,0x00000000d6b78020,0x00000000d6b80000)
  to   space 512K, 0% used [0x00000000d6a80000,0x00000000d6a80000,0x00000000d6b00000)
 ParOldGen       total 127488K, used 88K [0x0000000083c00000, 0x000000008b880000, 0x00000000d6980000)
  object space 127488K, 0% used [0x0000000083c00000,0x0000000083c16000,0x000000008b880000)
 Metaspace       used 3838K, capacity 4572K, committed 4864K, reserved 1056768K
  class space    used 432K, capacity 460K, committed 512K, reserved 1048576K
}
Event: 0.350 GC heap before
{Heap before GC invocations=3 (full 0):
 PSYoungGen      total 1536K, used 1438K [0x00000000d6980000, 0x00000000d6b80000, 0x0000000100000000)
  eden space 1024K, 93% used [0x00000000d6980000,0x00000000d6a6fbb0,0x00000000d6a80000)
  from space 512K, 93% used [0x00000000d6b00000,0x00000000d6b78020,0x00000000d6b80000)
  to   space 512K, 0% used [0x00000000d6a80000,0x00000000d6a80000,0x00000000d6b00000)
 ParOldGen       total 127488K, used 88K [0x0000000083c00000, 0x000000008b880000, 0x00000000d6980000)
  object space 127488K, 0% used [0x0000000083c00000,0x0000000083c16000,0x000000008b880000)
 Metaspace       used 5253K, capacity 5298K, committed 5504K, reserved 1056768K
  class space    used 593K, capacity 623K, committed 640K, reserved 1048576K
Event: 0.352 GC heap after
Heap after GC invocations=3 (full 0):
 PSYoungGen      total 1536K, used 512K [0x00000000d6980000, 0x00000000d6c80000, 0x0000000100000000)
  eden space 1024K, 0% used [0x00000000d6980000,0x00000000d6980000,0x00000000d6a80000)
  from space 512K, 100% used [0x00000000d6a80000,0x00000000d6b00000,0x00000000d6b00000)
  to   space 512K, 0% used [0x00000000d6c00000,0x00000000d6c00000,0x00000000d6c80000)
 ParOldGen       total 127488K, used 344K [0x0000000083c00000, 0x000000008b880000, 0x00000000d6980000)
  object space 127488K, 0% used [0x0000000083c00000,0x0000000083c56000,0x000000008b880000)
 Metaspace       used 5253K, capacity 5298K, committed 5504K, reserved 1056768K
  class space    used 593K, capacity 623K, committed 640K, reserved 1048576K
}
Event: 0.386 GC heap before
{Heap before GC invocations=4 (full 0):
 PSYoungGen      total 1536K, used 1536K [0x00000000d6980000, 0x00000000d6c80000, 0x0000000100000000)
  eden space 1024K, 100% used [0x00000000d6980000,0x00000000d6a80000,0x00000000d6a80000)
  from space 512K, 100% used [0x00000000d6a80000,0x00000000d6b00000,0x00000000d6b00000)
  to   space 512K, 0% used [0x00000000d6c00000,0x00000000d6c00000,0x00000000d6c80000)
 ParOldGen       total 127488K, used 344K [0x0000000083c00000, 0x000000008b880000, 0x00000000d6980000)
  object space 127488K, 0% used [0x0000000083c00000,0x0000000083c56000,0x000000008b880000)
 Metaspace       used 5354K, capacity 5490K, committed 5760K, reserved 1056768K
  class space    used 602K, capacity 623K, committed 640K, reserved 1048576K
Event: 0.389 GC heap after
Heap after GC invocations=4 (full 0):
 PSYoungGen      total 2560K, used 512K [0x00000000d6980000, 0x00000000d6c80000, 0x0000000100000000)
  eden space 2048K, 0% used [0x00000000d6980000,0x00000000d6980000,0x00000000d6b80000)
  from space 512K, 100% used [0x00000000d6c00000,0x00000000d6c80000,0x00000000d6c80000)
  to   space 512K, 0% used [0x00000000d6b80000,0x00000000d6b80000,0x00000000d6c00000)
 ParOldGen       total 127488K, used 830K [0x0000000083c00000, 0x000000008b880000, 0x00000000d6980000)
  object space 127488K, 0% used [0x0000000083c00000,0x0000000083ccfa20,0x000000008b880000)
 Metaspace       used 5354K, capacity 5490K, committed 5760K, reserved 1056768K
  class space    used 602K, capacity 623K, committed 640K, reserved 1048576K
}
Event: 0.717 GC heap before
{Heap before GC invocations=5 (full 0):
 PSYoungGen      total 2560K, used 2175K [0x00000000d6980000, 0x00000000d6c80000, 0x0000000100000000)
  eden space 2048K, 81% used [0x00000000d6980000,0x00000000d6b1ffb8,0x00000000d6b80000)
  from space 512K, 100% used [0x00000000d6c00000,0x00000000d6c80000,0x00000000d6c80000)
  to   space 512K, 0% used [0x00000000d6b80000,0x00000000d6b80000,0x00000000d6c00000)
 ParOldGen       total 127488K, used 830K [0x0000000083c00000, 0x000000008b880000, 0x00000000d6980000)
  object space 127488K, 0% used [0x0000000083c00000,0x0000000083ccfa20,0x000000008b880000)
 Metaspace       used 9553K, capacity 9744K, committed 9856K, reserved 1058816K
  class space    used 1091K, capacity 1144K, committed 1152K, reserved 1048576K
Event: 0.726 GC heap after
Heap after GC invocations=5 (full 0):
 PSYoungGen      total 2560K, used 512K [0x00000000d6980000, 0x00000000d7180000, 0x0000000100000000)
  eden space 2048K, 0% used [0x00000000d6980000,0x00000000d6980000,0x00000000d6b80000)
  from space 512K, 100% used [0x00000000d6b80000,0x00000000d6c00000,0x00000000d6c00000)
  to   space 2048K, 0% used [0x00000000d6f80000,0x00000000d6f80000,0x00000000d7180000)
 ParOldGen       total 127488K, used 1943K [0x0000000083c00000, 0x000000008b880000, 0x00000000d6980000)
  object space 127488K, 1% used [0x0000000083c00000,0x0000000083de5cd0,0x000000008b880000)
 Metaspace       used 9553K, capacity 9744K, committed 9856K, reserved 1058816K
  class space    used 1091K, capacity 1144K, committed 1152K, reserved 1048576K
}
Event: 124.208 GC heap before
{Heap before GC invocations=6 (full 0):
 PSYoungGen      total 2560K, used 2560K [0x00000000d6980000, 0x00000000d7180000, 0x0000000100000000)
  eden space 2048K, 100% used [0x00000000d6980000,0x00000000d6b80000,0x00000000d6b80000)
  from space 512K, 100% used [0x00000000d6b80000,0x00000000d6c00000,0x00000000d6c00000)
  to   space 2048K, 0% used [0x00000000d6f80000,0x00000000d6f80000,0x00000000d7180000)
 ParOldGen       total 127488K, used 1943K [0x0000000083c00000, 0x000000008b880000, 0x00000000d6980000)
  object space 127488K, 1% used [0x0000000083c00000,0x0000000083de5cd0,0x000000008b880000)
 Metaspace       used 9871K, capacity 10000K, committed 10112K, reserved 1058816K
  class space    used 1095K, capacity 1144K, committed 1152K, reserved 1048576K
Event: 124.218 GC heap after
Heap after GC invocations=6 (full 0):
 PSYoungGen      total 6144K, used 1072K [0x00000000d6980000, 0x00000000d7180000, 0x0000000100000000)
  eden space 4096K, 0% used [0x00000000d6980000,0x00000000d6980000,0x00000000d6d80000)
  from space 2048K, 52% used [0x00000000d6f80000,0x00000000d708c240,0x00000000d7180000)
  to   space 2048K, 0% used [0x00000000d6d80000,0x00000000d6d80000,0x00000000d6f80000)
 ParOldGen       total 127488K, used 1943K [0x0000000083c00000, 0x000000008b880000, 0x00000000d6980000)
  object space 127488K, 1% used [0x0000000083c00000,0x0000000083de5cd0,0x000000008b880000)
 Metaspace       used 9871K, capacity 10000K, committed 10112K, reserved 1058816K
  class space    used 1095K, capacity 1144K, committed 1152K, reserved 1048576K
}

